c:\users\dnlha\documents\vs projects\multithreadedprojects\mediaplayer\mediaplayer\x64\debug\vc143.pdb
c:\users\dnlha\documents\vs projects\multithreadedprojects\mediaplayer\mediaplayer\x64\debug\vc143.idb
c:\users\dnlha\documents\vs projects\multithreadedprojects\mediaplayer\mediaplayer\x64\debug\mediaplayer.obj
c:\users\dnlha\documents\vs projects\multithreadedprojects\mediaplayer\mediaplayer\x64\debug\imgui_widgets.obj
c:\users\dnlha\documents\vs projects\multithreadedprojects\mediaplayer\mediaplayer\x64\debug\imgui_tables.obj
c:\users\dnlha\documents\vs projects\multithreadedprojects\mediaplayer\mediaplayer\x64\debug\imgui_impl_vulkan.obj
c:\users\dnlha\documents\vs projects\multithreadedprojects\mediaplayer\mediaplayer\x64\debug\imgui_impl_sdl2.obj
c:\users\dnlha\documents\vs projects\multithreadedprojects\mediaplayer\mediaplayer\x64\debug\imgui_draw.obj
c:\users\dnlha\documents\vs projects\multithreadedprojects\mediaplayer\mediaplayer\x64\debug\imgui_demo.obj
c:\users\dnlha\documents\vs projects\multithreadedprojects\mediaplayer\mediaplayer\x64\debug\imgui.obj
c:\users\dnlha\documents\vs projects\multithreadedprojects\mediaplayer\x64\debug\mediaplayer.pdb
c:\users\dnlha\documents\vs projects\multithreadedprojects\mediaplayer\mediaplayer\x64\debug\mediaplayer.tlog\cl.command.1.tlog
c:\users\dnlha\documents\vs projects\multithreadedprojects\mediaplayer\mediaplayer\x64\debug\mediaplayer.tlog\cl.read.1.tlog
c:\users\dnlha\documents\vs projects\multithreadedprojects\mediaplayer\mediaplayer\x64\debug\mediaplayer.tlog\cl.write.1.tlog
c:\users\dnlha\documents\vs projects\multithreadedprojects\mediaplayer\mediaplayer\x64\debug\mediaplayer.tlog\link-cvtres.read.1.tlog
c:\users\dnlha\documents\vs projects\multithreadedprojects\mediaplayer\mediaplayer\x64\debug\mediaplayer.tlog\link-cvtres.write.1.tlog
c:\users\dnlha\documents\vs projects\multithreadedprojects\mediaplayer\mediaplayer\x64\debug\mediaplayer.tlog\link-rc.read.1.tlog
c:\users\dnlha\documents\vs projects\multithreadedprojects\mediaplayer\mediaplayer\x64\debug\mediaplayer.tlog\link-rc.write.1.tlog
c:\users\dnlha\documents\vs projects\multithreadedprojects\mediaplayer\mediaplayer\x64\debug\mediaplayer.tlog\link.command.1.tlog
c:\users\dnlha\documents\vs projects\multithreadedprojects\mediaplayer\mediaplayer\x64\debug\mediaplayer.tlog\link.read.1.tlog
c:\users\dnlha\documents\vs projects\multithreadedprojects\mediaplayer\mediaplayer\x64\debug\mediaplayer.tlog\link.read.2.tlog
c:\users\dnlha\documents\vs projects\multithreadedprojects\mediaplayer\mediaplayer\x64\debug\mediaplayer.tlog\link.read.3.tlog
c:\users\dnlha\documents\vs projects\multithreadedprojects\mediaplayer\mediaplayer\x64\debug\mediaplayer.tlog\link.read.4.tlog
c:\users\dnlha\documents\vs projects\multithreadedprojects\mediaplayer\mediaplayer\x64\debug\mediaplayer.tlog\link.read.5.tlog
c:\users\dnlha\documents\vs projects\multithreadedprojects\mediaplayer\mediaplayer\x64\debug\mediaplayer.tlog\link.write.1.tlog
